{"D:\\Proyectos\\React\\02-first-steps\\src\\FirstStepsApp.tsx": {"path":"D:\\Proyectos\\React\\02-first-steps\\src\\FirstStepsApp.tsx","statementMap":{"0":{"start":{"line":9,"column":33},"end":{"line":14,"column":null}},"1":{"start":{"line":19,"column":1},"end":{"line":30,"column":null}},"2":{"start":{"line":24,"column":12},"end":{"line":24,"column":null}}},"fnMap":{"0":{"name":"FirstStepsApp","decl":{"start":{"line":18,"column":16},"end":{"line":18,"column":32}},"loc":{"start":{"line":18,"column":32},"end":{"line":32,"column":null}},"line":18},"1":{"name":"(anonymous_1)","decl":{"start":{"line":23,"column":21},"end":{"line":23,"column":26}},"loc":{"start":{"line":24,"column":12},"end":{"line":24,"column":null}},"line":24}},"branchMap":{},"s":{"0":1,"1":3,"2":12},"f":{"0":3,"1":12},"b":{},"meta":{"lastBranch":0,"lastFunction":2,"lastStatement":3,"seen":{"s:9:33:14:Infinity":0,"f:18:16:18:32":0,"s:19:1:30:Infinity":1,"f:23:21:23:26":1,"s:24:12:24:Infinity":2}}}
,"D:\\Proyectos\\React\\02-first-steps\\src\\MyAwesomeApp.tsx": {"path":"D:\\Proyectos\\React\\02-first-steps\\src\\MyAwesomeApp.tsx","statementMap":{"0":{"start":{"line":3,"column":19},"end":{"line":3,"column":null}},"1":{"start":{"line":4,"column":18},"end":{"line":4,"column":null}},"2":{"start":{"line":6,"column":23},"end":{"line":6,"column":null}},"3":{"start":{"line":7,"column":18},"end":{"line":7,"column":null}},"4":{"start":{"line":9,"column":17},"end":{"line":12,"column":null}},"5":{"start":{"line":14,"column":13},"end":{"line":32,"column":null}},"6":{"start":{"line":16,"column":33},"end":{"line":21,"column":null}},"7":{"start":{"line":23,"column":2},"end":{"line":30,"column":null}}},"fnMap":{"0":{"name":"(anonymous_0)","decl":{"start":{"line":14,"column":13},"end":{"line":14,"column":34}},"loc":{"start":{"line":14,"column":34},"end":{"line":32,"column":null}},"line":14}},"branchMap":{"0":{"loc":{"start":{"line":28,"column":14},"end":{"line":28,"column":47}},"type":"cond-expr","locations":[{"start":{"line":28,"column":25},"end":{"line":28,"column":36}},{"start":{"line":28,"column":36},"end":{"line":28,"column":47}}],"line":28}},"s":{"0":1,"1":1,"2":1,"3":1,"4":1,"5":1,"6":4,"7":4},"f":{"0":4},"b":{"0":[4,0]},"meta":{"lastBranch":1,"lastFunction":1,"lastStatement":8,"seen":{"s:3:19:3:Infinity":0,"s:4:18:4:Infinity":1,"s:6:23:6:Infinity":2,"s:7:18:7:Infinity":3,"s:9:17:12:Infinity":4,"s:14:13:32:Infinity":5,"f:14:13:14:34":0,"s:16:33:21:Infinity":6,"s:23:2:30:Infinity":7,"b:28:25:28:36:28:36:28:47":0}}}
,"D:\\Proyectos\\React\\02-first-steps\\src\\helpers\\math.helper.ts": {"path":"D:\\Proyectos\\React\\02-first-steps\\src\\helpers\\math.helper.ts","statementMap":{"0":{"start":{"line":1,"column":13},"end":{"line":3,"column":null}},"1":{"start":{"line":2,"column":4},"end":{"line":2,"column":null}},"2":{"start":{"line":4,"column":13},"end":{"line":6,"column":null}},"3":{"start":{"line":5,"column":4},"end":{"line":5,"column":null}},"4":{"start":{"line":7,"column":13},"end":{"line":9,"column":null}},"5":{"start":{"line":8,"column":4},"end":{"line":8,"column":null}},"6":{"start":{"line":10,"column":13},"end":{"line":12,"column":null}},"7":{"start":{"line":11,"column":4},"end":{"line":11,"column":null}}},"fnMap":{"0":{"name":"(anonymous_0)","decl":{"start":{"line":1,"column":13},"end":{"line":1,"column":20}},"loc":{"start":{"line":1,"column":50},"end":{"line":3,"column":null}},"line":1},"1":{"name":"(anonymous_1)","decl":{"start":{"line":4,"column":13},"end":{"line":4,"column":26}},"loc":{"start":{"line":4,"column":56},"end":{"line":6,"column":null}},"line":4},"2":{"name":"(anonymous_2)","decl":{"start":{"line":7,"column":13},"end":{"line":7,"column":25}},"loc":{"start":{"line":7,"column":55},"end":{"line":9,"column":null}},"line":7},"3":{"name":"(anonymous_3)","decl":{"start":{"line":10,"column":13},"end":{"line":10,"column":23}},"loc":{"start":{"line":10,"column":53},"end":{"line":12,"column":null}},"line":10}},"branchMap":{},"s":{"0":1,"1":2,"2":1,"3":2,"4":1,"5":2,"6":1,"7":1},"f":{"0":2,"1":2,"2":2,"3":1},"b":{},"meta":{"lastBranch":0,"lastFunction":4,"lastStatement":8,"seen":{"s:1:13:3:Infinity":0,"f:1:13:1:20":0,"s:2:4:2:Infinity":1,"s:4:13:6:Infinity":2,"f:4:13:4:26":1,"s:5:4:5:Infinity":3,"s:7:13:9:Infinity":4,"f:7:13:7:25":2,"s:8:4:8:Infinity":5,"s:10:13:12:Infinity":6,"f:10:13:10:23":3,"s:11:4:11:Infinity":7}}}
,"D:\\Proyectos\\React\\02-first-steps\\src\\shopping-cart\\ItemCounter.module.css": {"path":"D:\\Proyectos\\React\\02-first-steps\\src\\shopping-cart\\ItemCounter.module.css","statementMap":{},"fnMap":{},"branchMap":{},"s":{},"f":{},"b":{},"meta":{"lastBranch":0,"lastFunction":0,"lastStatement":0,"seen":{}}}
,"D:\\Proyectos\\React\\02-first-steps\\src\\shopping-cart\\ItemCounter.tsx": {"path":"D:\\Proyectos\\React\\02-first-steps\\src\\shopping-cart\\ItemCounter.tsx","statementMap":{"0":{"start":{"line":11,"column":13},"end":{"line":54,"column":null}},"1":{"start":{"line":13,"column":23},"end":{"line":13,"column":null}},"2":{"start":{"line":21,"column":8},"end":{"line":23,"column":null}},"3":{"start":{"line":22,"column":4},"end":{"line":22,"column":null}},"4":{"start":{"line":25,"column":8},"end":{"line":27,"column":null}},"5":{"start":{"line":26,"column":6},"end":{"line":26,"column":null}},"6":{"start":{"line":29,"column":8},"end":{"line":32,"column":null}},"7":{"start":{"line":30,"column":4},"end":{"line":30,"column":null}},"8":{"start":{"line":30,"column":28},"end":{"line":30,"column":null}},"9":{"start":{"line":31,"column":4},"end":{"line":31,"column":null}},"10":{"start":{"line":34,"column":2},"end":{"line":52,"column":null}}},"fnMap":{"0":{"name":"(anonymous_0)","decl":{"start":{"line":11,"column":13},"end":{"line":11,"column":28}},"loc":{"start":{"line":11,"column":59},"end":{"line":54,"column":null}},"line":11},"1":{"name":"(anonymous_1)","decl":{"start":{"line":21,"column":8},"end":{"line":21,"column":33}},"loc":{"start":{"line":21,"column":33},"end":{"line":23,"column":null}},"line":21},"2":{"name":"(anonymous_2)","decl":{"start":{"line":25,"column":8},"end":{"line":25,"column":30}},"loc":{"start":{"line":25,"column":30},"end":{"line":27,"column":null}},"line":25},"3":{"name":"(anonymous_3)","decl":{"start":{"line":29,"column":8},"end":{"line":29,"column":36}},"loc":{"start":{"line":29,"column":36},"end":{"line":32,"column":null}},"line":29}},"branchMap":{"0":{"loc":{"start":{"line":11,"column":35},"end":{"line":11,"column":59}},"type":"default-arg","locations":[{"start":{"line":11,"column":46},"end":{"line":11,"column":59}}],"line":11},"1":{"loc":{"start":{"line":13,"column":51},"end":{"line":13,"column":64}},"type":"binary-expr","locations":[{"start":{"line":13,"column":51},"end":{"line":13,"column":63}},{"start":{"line":13,"column":63},"end":{"line":13,"column":64}}],"line":13},"2":{"loc":{"start":{"line":30,"column":4},"end":{"line":30,"column":null}},"type":"if","locations":[{"start":{"line":30,"column":4},"end":{"line":30,"column":null}},{"start":{},"end":{}}],"line":30},"3":{"loc":{"start":{"line":44,"column":23},"end":{"line":44,"column":57}},"type":"cond-expr","locations":[{"start":{"line":44,"column":42},"end":{"line":44,"column":52}},{"start":{"line":44,"column":52},"end":{"line":44,"column":57}}],"line":44}},"s":{"0":1,"1":9,"2":9,"3":0,"4":9,"5":1,"6":9,"7":2,"8":1,"9":1,"10":9},"f":{"0":9,"1":0,"2":1,"3":2},"b":{"0":[9],"1":[9,0],"2":[1,1],"3":[5,4]},"meta":{"lastBranch":4,"lastFunction":4,"lastStatement":11,"seen":{"s:11:13:54:Infinity":0,"f:11:13:11:28":0,"b:11:46:11:59":0,"s:13:23:13:Infinity":1,"b:13:51:13:63:13:63:13:64":1,"s:21:8:23:Infinity":2,"f:21:8:21:33":1,"s:22:4:22:Infinity":3,"s:25:8:27:Infinity":4,"f:25:8:25:30":2,"s:26:6:26:Infinity":5,"s:29:8:32:Infinity":6,"f:29:8:29:36":3,"b:30:4:30:Infinity:undefined:undefined:undefined:undefined":2,"s:30:4:30:Infinity":7,"s:30:28:30:Infinity":8,"s:31:4:31:Infinity":9,"s:34:2:52:Infinity":10,"b:44:42:44:52:44:52:44:57":3}}}
}
